
Showing logs for build [32mcb-kubecd-environment-pr-158-17-hbf7l-1[0m stage [32mfrom-build-pack[0m and container [32mstep-credential-initializer-75mqh[0m
{"level":"warn","ts":1581635573.8915925,"logger":"fallback-logger","caller":"logging/config.go:69","msg":"Fetch GitHub commit ID from kodata failed: \"ref: refs/heads/0.8.0-**-support-backwards-incompats\" is not a valid GitHub commit ID"}
{"level":"info","ts":1581635573.8921328,"logger":"fallback-logger","caller":"creds-init/main.go:40","msg":"Credentials initialized."}

Showing logs for build [32mcb-kubecd-environment-pr-158-17-hbf7l-1[0m stage [32mfrom-build-pack[0m and container [32mstep-working-dir-initializer-278gx[0m
{"level":"warn","ts":1581635574.415964,"logger":"fallback-logger","caller":"logging/config.go:69","msg":"Fetch GitHub commit ID from kodata failed: open /var/run/ko/HEAD: no such file or directory"}
{"level":"info","ts":1581635574.4184945,"logger":"fallback-logger","caller":"bash/main.go:64","msg":"Successfully executed command \"sh -c mkdir -p /workspace/source\"; output "}

Showing logs for build [32mcb-kubecd-environment-pr-158-17-hbf7l-1[0m stage [32mfrom-build-pack[0m and container [32mstep-place-tools[0m

Showing logs for build [32mcb-kubecd-environment-pr-158-17-hbf7l-1[0m stage [32mfrom-build-pack[0m and container [32mstep-git-source-cb-kubecd-environment-pr-158-17-hbf7l-cd6zg[0m
{"level":"warn","ts":1581635578.4951613,"logger":"fallback-logger","caller":"logging/config.go:69","msg":"Fetch GitHub commit ID from kodata failed: \"ref: refs/heads/0.8.0-**-support-backwards-incompats\" is not a valid GitHub commit ID"}
{"level":"info","ts":1581635579.5047832,"logger":"fallback-logger","caller":"git/git.go:103","msg":"Successfully cloned https://github.com/cb-kubecd/environment-pr-158-17-boot-vault-gke-production.git @ master in path /workspace/source"}

Showing logs for build [32mcb-kubecd-environment-pr-158-17-hbf7l-1[0m stage [32mfrom-build-pack[0m and container [32mstep-git-merge[0m
Using SHAs from PULL_REFS=master:297f0cf9c365d7784b22f4c0834d084c185740f9,1:4f36ad161024dad42c11bbf6d5876aa0bf960d37
DEBUG: LC_ALL=C JX_LOG_LEVEL=error git fetch origin --unshallow 4f36ad161024dad42c11bbf6d5876aa0bf960d37: 297f0cf9c365d7784b22f4c0834d084c185740f9:
DEBUG: ran git fetch --unshallow origin 4f36ad161024dad42c11bbf6d5876aa0bf960d37: 297f0cf9c365d7784b22f4c0834d084c185740f9: in 
DEBUG: LC_ALL=C JX_LOG_LEVEL=error git branch
DEBUG: LC_ALL=C JX_LOG_LEVEL=error git checkout master
DEBUG: ran git checkout master in 
DEBUG: LC_ALL=C JX_LOG_LEVEL=error git reset --hard 297f0cf9c365d7784b22f4c0834d084c185740f9
DEBUG: ran git reset --hard 297f0cf9c365d7784b22f4c0834d084c185740f9 in 
DEBUG: LC_ALL=C JX_LOG_LEVEL=error git clean -fd .
DEBUG: ran clean --force -d . in 
DEBUG: LC_ALL=C JX_LOG_LEVEL=error git merge 4f36ad161024dad42c11bbf6d5876aa0bf960d37
DEBUG: ran git merge 4f36ad161024dad42c11bbf6d5876aa0bf960d37 in 
DEBUG: LC_ALL=C JX_LOG_LEVEL=error git log --format=%H%x1f%an%x1f%ae%x1f%cn%x1f%ce%x1f%s%n%b%x1e 297f0cf9c365d7784b22f4c0834d084c185740f9..HEAD
Merged SHA 4f36ad161024dad42c11bbf6d5876aa0bf960d37 with commit message 'chore: Promote bdd-spring-1581634287 to version 0.0.1' into base branch master

Showing logs for build [32mcb-kubecd-environment-pr-158-17-hbf7l-1[0m stage [32mfrom-build-pack[0m and container [32mstep-build-helm-build[0m
WARNING: No $CHART_REPOSITORY defined so using the default value of: http://jenkins-x-chartmuseum:8080
Adding missing Helm repo: storage.googleapis.com https://storage.googleapis.com/chartmuseum.jenkins-x.io
WARNING: No secrets found on "helm/repos" due: reading the secret "helm/repos" from vault: no secret "helm/repos" not found in vault
Read credentials for https://storage.googleapis.com/chartmuseum.jenkins-x.io from vault helm/repos
Successfully added Helm repository storage.googleapis.com.
Adding missing Helm repo: jenkins-x-chartmuseum http://jenkins-x-chartmuseum:8080
WARNING: No secrets found on "helm/repos" due: reading the secret "helm/repos" from vault: no secret "helm/repos" not found in vault
Read credentials for http://jenkins-x-chartmuseum:8080 from vault helm/repos
Successfully added Helm repository jenkins-x-chartmuseum.
WARNING: No $CHART_REPOSITORY defined so using the default value of: http://jenkins-x-chartmuseum:8080
Adding missing Helm repo: chartmuseum.jenkins-x.io http://chartmuseum.jenkins-x.io
WARNING: No secrets found on "helm/repos" due: reading the secret "helm/repos" from vault: no secret "helm/repos" not found in vault
Read credentials for http://chartmuseum.jenkins-x.io from vault helm/repos
Successfully added Helm repository chartmuseum.jenkins-x.io.
